<?xml version="1.0" encoding="UTF-8"?>
<testng-results ignored="0" total="4" passed="4" failed="0" skipped="0">
  <reporter-output>
  </reporter-output>
  <suite started-at="2024-09-24T17:00:22 GST" name="Suite" finished-at="2024-09-24T17:00:31 GST" duration-ms="9006">
    <groups>
    </groups>
    <test started-at="2024-09-24T17:00:22 GST" name="Test" finished-at="2024-09-24T17:00:31 GST" duration-ms="9006">
      <class name="api.tests.endtoendtest">
        <test-method is-config="true" signature="set_payload1()[pri:0, instance:api.tests.endtoendtest@59474f18]" started-at="2024-09-24T17:00:22 GST" name="set_payload1" finished-at="2024-09-24T17:00:23 GST" duration-ms="203" status="PASS">
          <reporter-output>
          </reporter-output>
        </test-method> <!-- set_payload1 -->
        <test-method signature="Testcase_1()[pri:1, instance:api.tests.endtoendtest@59474f18]" started-at="2024-09-24T17:00:23 GST" name="Testcase_1" finished-at="2024-09-24T17:00:26 GST" duration-ms="2906" status="PASS">
          <reporter-output>
          </reporter-output>
        </test-method> <!-- Testcase_1 -->
        <test-method signature="Testcase_2()[pri:2, instance:api.tests.endtoendtest@59474f18]" started-at="2024-09-24T17:00:26 GST" name="Testcase_2" finished-at="2024-09-24T17:00:27 GST" duration-ms="1086" status="PASS">
          <reporter-output>
          </reporter-output>
        </test-method> <!-- Testcase_2 -->
        <test-method signature="Testcase_3()[pri:3, instance:api.tests.endtoendtest@59474f18]" started-at="2024-09-24T17:00:27 GST" name="Testcase_3" finished-at="2024-09-24T17:00:29 GST" duration-ms="2138" status="PASS">
          <reporter-output>
          </reporter-output>
        </test-method> <!-- Testcase_3 -->
        <test-method signature="Testcase_4()[pri:4, instance:api.tests.endtoendtest@59474f18]" started-at="2024-09-24T17:00:29 GST" name="Testcase_4" finished-at="2024-09-24T17:00:31 GST" duration-ms="2411" status="PASS">
          <reporter-output>
          </reporter-output>
        </test-method> <!-- Testcase_4 -->
      </class> <!-- api.tests.endtoendtest -->
    </test> <!-- Test -->
  </suite> <!-- Suite -->
</testng-results>
